生成启动时间为 2016/5/25 9:08:30。
     1>项目“E:\gitSpace\DataStructorHW-Lab\Lab6\shortestSumPath\shortestSumPath\shortestSumPath.vcxproj”在节点 2 上(Build 个目标)。
     1>ClCompile:
         D:\VS2012_ULT_chs(1)\VC\bin\CL.exe /c /ZI /nologo /W3 /WX- /Od /Oy- /D _MBCS /Gm /EHsc /RTC1 /MDd /GS /fp:precise /Zc:wchar_t /Zc:forScope /Fo"Debug\\" /Fd"Debug\vc110.pdb" /Gd /TP /analyze- /errorReport:prompt "源.cpp"
         源.cpp
     1>e:\gitspace\datastructorhw-lab\lab6\shortestsumpath\shortestsumpath\源.cpp(41): warning C4244: “参数”: 从“__int64”转换到“int”，可能丢失数据
     1>e:\gitspace\datastructorhw-lab\lab6\shortestsumpath\shortestsumpath\源.cpp(56): warning C4996: 'scanf': This function or variable may be unsafe. Consider using scanf_s instead. To disable deprecation, use _CRT_SECURE_NO_WARNINGS. See online help for details.
                 d:\vs2012_ult_chs(1)\vc\include\stdio.h(290) : 参见“scanf”的声明
     1>e:\gitspace\datastructorhw-lab\lab6\shortestsumpath\shortestsumpath\源.cpp(61): warning C4996: 'scanf': This function or variable may be unsafe. Consider using scanf_s instead. To disable deprecation, use _CRT_SECURE_NO_WARNINGS. See online help for details.
                 d:\vs2012_ult_chs(1)\vc\include\stdio.h(290) : 参见“scanf”的声明
     1>e:\gitspace\datastructorhw-lab\lab6\shortestsumpath\shortestsumpath\源.cpp(64): warning C4996: 'scanf': This function or variable may be unsafe. Consider using scanf_s instead. To disable deprecation, use _CRT_SECURE_NO_WARNINGS. See online help for details.
                 d:\vs2012_ult_chs(1)\vc\include\stdio.h(290) : 参见“scanf”的声明
     1>e:\gitspace\datastructorhw-lab\lab6\shortestsumpath\shortestsumpath\源.cpp(70): warning C4996: 'scanf': This function or variable may be unsafe. Consider using scanf_s instead. To disable deprecation, use _CRT_SECURE_NO_WARNINGS. See online help for details.
                 d:\vs2012_ult_chs(1)\vc\include\stdio.h(290) : 参见“scanf”的声明
       Link:
         D:\VS2012_ULT_chs(1)\VC\bin\link.exe /ERRORREPORT:PROMPT /OUT:"E:\gitSpace\DataStructorHW-Lab\Lab6\shortestSumPath\Debug\shortestSumPath.exe" /INCREMENTAL /NOLOGO kernel32.lib user32.lib gdi32.lib winspool.lib comdlg32.lib advapi32.lib shell32.lib ole32.lib oleaut32.lib uuid.lib odbc32.lib odbccp32.lib /MANIFEST /MANIFESTUAC:"level='asInvoker' uiAccess='false'" /manifest:embed /DEBUG /PDB:"E:\gitSpace\DataStructorHW-Lab\Lab6\shortestSumPath\Debug\shortestSumPath.pdb" /TLBID:1 /DYNAMICBASE /NXCOMPAT /IMPLIB:"E:\gitSpace\DataStructorHW-Lab\Lab6\shortestSumPath\Debug\shortestSumPath.lib" /MACHINE:X86 "Debug\源.obj"
         shortestSumPath.vcxproj -> E:\gitSpace\DataStructorHW-Lab\Lab6\shortestSumPath\Debug\shortestSumPath.exe
     1>已完成生成项目“E:\gitSpace\DataStructorHW-Lab\Lab6\shortestSumPath\shortestSumPath\shortestSumPath.vcxproj”(Build 个目标)的操作。

生成成功。

已用时间 00:00:01.24
