生成启动时间为 2016/5/9 17:51:06。
     1>项目“E:\gitSpace\DataStructorHW-Lab\Lab5\BinarySearchTree\BinarySearchTree\BinarySearchTree.vcxproj”在节点 2 上(Build 个目标)。
     1>ClCompile:
         D:\VS2012_ULT_chs(1)\VC\bin\CL.exe /c /ZI /nologo /W3 /WX- /Od /Oy- /D _MBCS /Gm /EHsc /RTC1 /MDd /GS /fp:precise /Zc:wchar_t /Zc:forScope /Fo"Debug\\" /Fd"Debug\vc110.pdb" /Gd /TP /analyze- /errorReport:prompt "源.cpp"
         源.cpp
     1>e:\gitspace\datastructorhw-lab\lab5\binarysearchtree\binarysearchtree\binarysearchtree.h(74): warning C4018: “<”: 有符号/无符号不匹配
                 e:\gitspace\datastructorhw-lab\lab5\binarysearchtree\binarysearchtree\binarysearchtree.h(71): 编译类 模板 成员函数“void BinTree<T>::printR(treeNode<T> *&)”时
                 with
                 [
                     T=int
                 ]
                 e:\gitspace\datastructorhw-lab\lab5\binarysearchtree\binarysearchtree\binarysearchtree.h(160): 参见对正在编译的函数 模板 实例化“void BinTree<T>::printR(treeNode<T> *&)”的引用
                 with
                 [
                     T=int
                 ]
                 e:\gitspace\datastructorhw-lab\lab5\binarysearchtree\binarysearchtree\binarysearchtree.h(132): 编译类 模板 成员函数“BinTree<T>::~BinTree(void)”时
                 with
                 [
                     T=int
                 ]
                 e:\gitspace\datastructorhw-lab\lab5\binarysearchtree\binarysearchtree\源.cpp(13): 参见对正在编译的函数 模板 实例化“BinTree<T>::~BinTree(void)”的引用
                 with
                 [
                     T=int
                 ]
                 e:\gitspace\datastructorhw-lab\lab5\binarysearchtree\binarysearchtree\源.cpp(13): 参见对正在编译的类 模板 实例化“BinTree<T>”的引用
                 with
                 [
                     T=int
                 ]
     1>e:\gitspace\datastructorhw-lab\lab5\binarysearchtree\binarysearchtree\binarysearchtree.h(75): warning C4018: “<”: 有符号/无符号不匹配
     1>e:\gitspace\datastructorhw-lab\lab5\binarysearchtree\binarysearchtree\binarysearchtree.h(61): warning C4018: “>”: 有符号/无符号不匹配
                 e:\gitspace\datastructorhw-lab\lab5\binarysearchtree\binarysearchtree\binarysearchtree.h(59): 编译类 模板 成员函数“void BinTree<T>::levelTraR(treeNode<T> *&,int,std::vector<_Ty> &)”时
                 with
                 [
                     T=int,
                     _Ty=std::vector<int>
                 ]
                 e:\gitspace\datastructorhw-lab\lab5\binarysearchtree\binarysearchtree\binarysearchtree.h(73): 参见对正在编译的函数 模板 实例化“void BinTree<T>::levelTraR(treeNode<T> *&,int,std::vector<_Ty> &)”的引用
                 with
                 [
                     T=int,
                     _Ty=std::vector<int>
                 ]
                 e:\gitspace\datastructorhw-lab\lab5\binarysearchtree\binarysearchtree\binarysearchtree.h(144): 编译类 模板 成员函数“bool BinTree<T>::search(const T) const”时
                 with
                 [
                     T=int
                 ]
                 e:\gitspace\datastructorhw-lab\lab5\binarysearchtree\binarysearchtree\binarysearchtree.h(138): 参见对正在编译的函数 模板 实例化“bool BinTree<T>::search(const T) const”的引用
                 with
                 [
                     T=int
                 ]
       Link:
         D:\VS2012_ULT_chs(1)\VC\bin\link.exe /ERRORREPORT:PROMPT /OUT:"E:\gitSpace\DataStructorHW-Lab\Lab5\BinarySearchTree\Debug\BinarySearchTree.exe" /INCREMENTAL /NOLOGO kernel32.lib user32.lib gdi32.lib winspool.lib comdlg32.lib advapi32.lib shell32.lib ole32.lib oleaut32.lib uuid.lib odbc32.lib odbccp32.lib /MANIFEST /MANIFESTUAC:"level='asInvoker' uiAccess='false'" /manifest:embed /DEBUG /PDB:"E:\gitSpace\DataStructorHW-Lab\Lab5\BinarySearchTree\Debug\BinarySearchTree.pdb" /TLBID:1 /DYNAMICBASE /NXCOMPAT /IMPLIB:"E:\gitSpace\DataStructorHW-Lab\Lab5\BinarySearchTree\Debug\BinarySearchTree.lib" /MACHINE:X86 "Debug\源.obj"
         BinarySearchTree.vcxproj -> E:\gitSpace\DataStructorHW-Lab\Lab5\BinarySearchTree\Debug\BinarySearchTree.exe
     1>已完成生成项目“E:\gitSpace\DataStructorHW-Lab\Lab5\BinarySearchTree\BinarySearchTree\BinarySearchTree.vcxproj”(Build 个目标)的操作。

生成成功。

已用时间 00:00:01.37
